[31merror[39m: [Helper] uncaughtException: Cannot find module './Helper.js' 
{ date: [32m'Sat Apr 29 2017 18:16:49 GMT-0600 (MDT)'[39m,
  process: 
   { pid: [33m5013[39m,
     uid: [33m1000[39m,
     gid: [33m1000[39m,
     cwd: [32m'/home/john/CLOCKMAKER-GIT/SentenceSimilarity'[39m,
     execPath: [32m'/usr/local/bin/node'[39m,
     version: [32m'v6.9.5'[39m,
     argv: 
      [ [32m'/usr/local/bin/node'[39m,
        [32m'/usr/local/bin/jasmine'[39m,
        [32m'SentenceSimilaritySpec.js'[39m ],
     memoryUsage: { rss: [33m40341504[39m, heapTotal: [33m21008384[39m, heapUsed: [33m12186176[39m } },
  os: 
   { loadavg: [ [33m0.40283203125[39m, [33m0.3896484375[39m, [33m0.41259765625[39m ],
     uptime: [33m5023214[39m },
  trace: 
   [ { column: [33m15[39m,
       file: [32m'module.js'[39m,
       function: [32m'Function.Module._resolveFilename'[39m,
       line: [33m469[39m,
       method: [32m'Module._resolveFilename'[39m,
       native: [33mfalse[39m },
     { column: [33m25[39m,
       file: [32m'module.js'[39m,
       function: [32m'Function.Module._load'[39m,
       line: [33m417[39m,
       method: [32m'Module._load'[39m,
       native: [33mfalse[39m },
     { column: [33m17[39m,
       file: [32m'module.js'[39m,
       function: [32m'Module.require'[39m,
       line: [33m497[39m,
       method: [32m'require'[39m,
       native: [33mfalse[39m },
     { column: [33m19[39m,
       file: [32m'internal/module.js'[39m,
       function: [32m'require'[39m,
       line: [33m20[39m,
       method: [1mnull[22m,
       native: [33mfalse[39m },
     { column: [33m14[39m,
       file: [32m'/home/john/CLOCKMAKER-GIT/SentenceSimilarity/SimilarityScore.js'[39m,
       function: [32m''[39m,
       line: [33m6[39m,
       method: [1mnull[22m,
       native: [33mfalse[39m },
     { column: [33m32[39m,
       file: [32m'module.js'[39m,
       function: [32m'Module._compile'[39m,
       line: [33m570[39m,
       method: [32m'_compile'[39m,
       native: [33mfalse[39m },
     { column: [33m10[39m,
       file: [32m'module.js'[39m,
       function: [32m'Object.Module._extensions..js'[39m,
       line: [33m579[39m,
       method: [32m'Module._extensions..js'[39m,
       native: [33mfalse[39m },
     { column: [33m32[39m,
       file: [32m'module.js'[39m,
       function: [32m'Module.load'[39m,
       line: [33m487[39m,
       method: [32m'load'[39m,
       native: [33mfalse[39m },
     { column: [33m12[39m,
       file: [32m'module.js'[39m,
       function: [32m'tryModuleLoad'[39m,
       line: [33m446[39m,
       method: [1mnull[22m,
       native: [33mfalse[39m },
     { column: [33m3[39m,
       file: [32m'module.js'[39m,
       function: [32m'Function.Module._load'[39m,
       line: [33m438[39m,
       method: [32m'Module._load'[39m,
       native: [33mfalse[39m } ],
  stack: 
   [ [32m'Error: Cannot find module \'./Helper.js\''[39m,
     [32m'    at Function.Module._resolveFilename (module.js:469:15)'[39m,
     [32m'    at Function.Module._load (module.js:417:25)'[39m,
     [32m'    at Module.require (module.js:497:17)'[39m,
     [32m'    at require (internal/module.js:20:19)'[39m,
     [32m'    at Object.<anonymous> (/home/john/CLOCKMAKER-GIT/SentenceSimilarity/SimilarityScore.js:6:14)'[39m,
     [32m'    at Module._compile (module.js:570:32)'[39m,
     [32m'    at Object.Module._extensions..js (module.js:579:10)'[39m,
     [32m'    at Module.load (module.js:487:32)'[39m,
     [32m'    at tryModuleLoad (module.js:446:12)'[39m,
     [32m'    at Function.Module._load (module.js:438:3)'[39m ] }
[31merror[39m: [SbEvent] uncaughtException: Cannot find module './Helper.js' 
{ date: [32m'Sat Apr 29 2017 18:16:49 GMT-0600 (MDT)'[39m,
  process: 
   { pid: [33m5013[39m,
     uid: [33m1000[39m,
     gid: [33m1000[39m,
     cwd: [32m'/home/john/CLOCKMAKER-GIT/SentenceSimilarity'[39m,
     execPath: [32m'/usr/local/bin/node'[39m,
     version: [32m'v6.9.5'[39m,
     argv: 
      [ [32m'/usr/local/bin/node'[39m,
        [32m'/usr/local/bin/jasmine'[39m,
        [32m'SentenceSimilaritySpec.js'[39m ],
     memoryUsage: { rss: [33m41152512[39m, heapTotal: [33m21008384[39m, heapUsed: [33m12878160[39m } },
  os: 
   { loadavg: [ [33m0.40283203125[39m, [33m0.3896484375[39m, [33m0.41259765625[39m ],
     uptime: [33m5023214[39m },
  trace: 
   [ { column: [33m15[39m,
       file: [32m'module.js'[39m,
       function: [32m'Function.Module._resolveFilename'[39m,
       line: [33m469[39m,
       method: [32m'Module._resolveFilename'[39m,
       native: [33mfalse[39m },
     { column: [33m25[39m,
       file: [32m'module.js'[39m,
       function: [32m'Function.Module._load'[39m,
       line: [33m417[39m,
       method: [32m'Module._load'[39m,
       native: [33mfalse[39m },
     { column: [33m17[39m,
       file: [32m'module.js'[39m,
       function: [32m'Module.require'[39m,
       line: [33m497[39m,
       method: [32m'require'[39m,
       native: [33mfalse[39m },
     { column: [33m19[39m,
       file: [32m'internal/module.js'[39m,
       function: [32m'require'[39m,
       line: [33m20[39m,
       method: [1mnull[22m,
       native: [33mfalse[39m },
     { column: [33m14[39m,
       file: [32m'/home/john/CLOCKMAKER-GIT/SentenceSimilarity/SimilarityScore.js'[39m,
       function: [32m''[39m,
       line: [33m6[39m,
       method: [1mnull[22m,
       native: [33mfalse[39m },
     { column: [33m32[39m,
       file: [32m'module.js'[39m,
       function: [32m'Module._compile'[39m,
       line: [33m570[39m,
       method: [32m'_compile'[39m,
       native: [33mfalse[39m },
     { column: [33m10[39m,
       file: [32m'module.js'[39m,
       function: [32m'Object.Module._extensions..js'[39m,
       line: [33m579[39m,
       method: [32m'Module._extensions..js'[39m,
       native: [33mfalse[39m },
     { column: [33m32[39m,
       file: [32m'module.js'[39m,
       function: [32m'Module.load'[39m,
       line: [33m487[39m,
       method: [32m'load'[39m,
       native: [33mfalse[39m },
     { column: [33m12[39m,
       file: [32m'module.js'[39m,
       function: [32m'tryModuleLoad'[39m,
       line: [33m446[39m,
       method: [1mnull[22m,
       native: [33mfalse[39m },
     { column: [33m3[39m,
       file: [32m'module.js'[39m,
       function: [32m'Function.Module._load'[39m,
       line: [33m438[39m,
       method: [32m'Module._load'[39m,
       native: [33mfalse[39m } ],
  stack: 
   [ [32m'Error: Cannot find module \'./Helper.js\''[39m,
     [32m'    at Function.Module._resolveFilename (module.js:469:15)'[39m,
     [32m'    at Function.Module._load (module.js:417:25)'[39m,
     [32m'    at Module.require (module.js:497:17)'[39m,
     [32m'    at require (internal/module.js:20:19)'[39m,
     [32m'    at Object.<anonymous> (/home/john/CLOCKMAKER-GIT/SentenceSimilarity/SimilarityScore.js:6:14)'[39m,
     [32m'    at Module._compile (module.js:570:32)'[39m,
     [32m'    at Object.Module._extensions..js (module.js:579:10)'[39m,
     [32m'    at Module.load (module.js:487:32)'[39m,
     [32m'    at tryModuleLoad (module.js:446:12)'[39m,
     [32m'    at Function.Module._load (module.js:438:3)'[39m ] }
[31merror[39m: [Helper] uncaughtException: Cannot find module 'helper-clockmaker.js' 
{ date: [32m'Sat Apr 29 2017 18:17:19 GMT-0600 (MDT)'[39m,
  process: 
   { pid: [33m5080[39m,
     uid: [33m1000[39m,
     gid: [33m1000[39m,
     cwd: [32m'/home/john/CLOCKMAKER-GIT/SentenceSimilarity'[39m,
     execPath: [32m'/usr/local/bin/node'[39m,
     version: [32m'v6.9.5'[39m,
     argv: 
      [ [32m'/usr/local/bin/node'[39m,
        [32m'/usr/local/bin/jasmine'[39m,
        [32m'SentenceSimilaritySpec.js'[39m ],
     memoryUsage: { rss: [33m40075264[39m, heapTotal: [33m21008384[39m, heapUsed: [33m12190192[39m } },
  os: 
   { loadavg: [ [33m0.29638671875[39m, [33m0.36669921875[39m, [33m0.40380859375[39m ],
     uptime: [33m5023244[39m },
  trace: 
   [ { column: [33m15[39m,
       file: [32m'module.js'[39m,
       function: [32m'Function.Module._resolveFilename'[39m,
       line: [33m469[39m,
       method: [32m'Module._resolveFilename'[39m,
       native: [33mfalse[39m },
     { column: [33m25[39m,
       file: [32m'module.js'[39m,
       function: [32m'Function.Module._load'[39m,
       line: [33m417[39m,
       method: [32m'Module._load'[39m,
       native: [33mfalse[39m },
     { column: [33m17[39m,
       file: [32m'module.js'[39m,
       function: [32m'Module.require'[39m,
       line: [33m497[39m,
       method: [32m'require'[39m,
       native: [33mfalse[39m },
     { column: [33m19[39m,
       file: [32m'internal/module.js'[39m,
       function: [32m'require'[39m,
       line: [33m20[39m,
       method: [1mnull[22m,
       native: [33mfalse[39m },
     { column: [33m14[39m,
       file: [32m'/home/john/CLOCKMAKER-GIT/SentenceSimilarity/SimilarityScore.js'[39m,
       function: [32m''[39m,
       line: [33m6[39m,
       method: [1mnull[22m,
       native: [33mfalse[39m },
     { column: [33m32[39m,
       file: [32m'module.js'[39m,
       function: [32m'Module._compile'[39m,
       line: [33m570[39m,
       method: [32m'_compile'[39m,
       native: [33mfalse[39m },
     { column: [33m10[39m,
       file: [32m'module.js'[39m,
       function: [32m'Object.Module._extensions..js'[39m,
       line: [33m579[39m,
       method: [32m'Module._extensions..js'[39m,
       native: [33mfalse[39m },
     { column: [33m32[39m,
       file: [32m'module.js'[39m,
       function: [32m'Module.load'[39m,
       line: [33m487[39m,
       method: [32m'load'[39m,
       native: [33mfalse[39m },
     { column: [33m12[39m,
       file: [32m'module.js'[39m,
       function: [32m'tryModuleLoad'[39m,
       line: [33m446[39m,
       method: [1mnull[22m,
       native: [33mfalse[39m },
     { column: [33m3[39m,
       file: [32m'module.js'[39m,
       function: [32m'Function.Module._load'[39m,
       line: [33m438[39m,
       method: [32m'Module._load'[39m,
       native: [33mfalse[39m } ],
  stack: 
   [ [32m'Error: Cannot find module \'helper-clockmaker.js\''[39m,
     [32m'    at Function.Module._resolveFilename (module.js:469:15)'[39m,
     [32m'    at Function.Module._load (module.js:417:25)'[39m,
     [32m'    at Module.require (module.js:497:17)'[39m,
     [32m'    at require (internal/module.js:20:19)'[39m,
     [32m'    at Object.<anonymous> (/home/john/CLOCKMAKER-GIT/SentenceSimilarity/SimilarityScore.js:6:14)'[39m,
     [32m'    at Module._compile (module.js:570:32)'[39m,
     [32m'    at Object.Module._extensions..js (module.js:579:10)'[39m,
     [32m'    at Module.load (module.js:487:32)'[39m,
     [32m'    at tryModuleLoad (module.js:446:12)'[39m,
     [32m'    at Function.Module._load (module.js:438:3)'[39m ] }
[31merror[39m: [SbEvent] uncaughtException: Cannot find module 'helper-clockmaker.js' 
{ date: [32m'Sat Apr 29 2017 18:17:19 GMT-0600 (MDT)'[39m,
  process: 
   { pid: [33m5080[39m,
     uid: [33m1000[39m,
     gid: [33m1000[39m,
     cwd: [32m'/home/john/CLOCKMAKER-GIT/SentenceSimilarity'[39m,
     execPath: [32m'/usr/local/bin/node'[39m,
     version: [32m'v6.9.5'[39m,
     argv: 
      [ [32m'/usr/local/bin/node'[39m,
        [32m'/usr/local/bin/jasmine'[39m,
        [32m'SentenceSimilaritySpec.js'[39m ],
     memoryUsage: { rss: [33m42983424[39m, heapTotal: [33m21008384[39m, heapUsed: [33m12878344[39m } },
  os: 
   { loadavg: [ [33m0.29638671875[39m, [33m0.36669921875[39m, [33m0.40380859375[39m ],
     uptime: [33m5023244[39m },
  trace: 
   [ { column: [33m15[39m,
       file: [32m'module.js'[39m,
       function: [32m'Function.Module._resolveFilename'[39m,
       line: [33m469[39m,
       method: [32m'Module._resolveFilename'[39m,
       native: [33mfalse[39m },
     { column: [33m25[39m,
       file: [32m'module.js'[39m,
       function: [32m'Function.Module._load'[39m,
       line: [33m417[39m,
       method: [32m'Module._load'[39m,
       native: [33mfalse[39m },
     { column: [33m17[39m,
       file: [32m'module.js'[39m,
       function: [32m'Module.require'[39m,
       line: [33m497[39m,
       method: [32m'require'[39m,
       native: [33mfalse[39m },
     { column: [33m19[39m,
       file: [32m'internal/module.js'[39m,
       function: [32m'require'[39m,
       line: [33m20[39m,
       method: [1mnull[22m,
       native: [33mfalse[39m },
     { column: [33m14[39m,
       file: [32m'/home/john/CLOCKMAKER-GIT/SentenceSimilarity/SimilarityScore.js'[39m,
       function: [32m''[39m,
       line: [33m6[39m,
       method: [1mnull[22m,
       native: [33mfalse[39m },
     { column: [33m32[39m,
       file: [32m'module.js'[39m,
       function: [32m'Module._compile'[39m,
       line: [33m570[39m,
       method: [32m'_compile'[39m,
       native: [33mfalse[39m },
     { column: [33m10[39m,
       file: [32m'module.js'[39m,
       function: [32m'Object.Module._extensions..js'[39m,
       line: [33m579[39m,
       method: [32m'Module._extensions..js'[39m,
       native: [33mfalse[39m },
     { column: [33m32[39m,
       file: [32m'module.js'[39m,
       function: [32m'Module.load'[39m,
       line: [33m487[39m,
       method: [32m'load'[39m,
       native: [33mfalse[39m },
     { column: [33m12[39m,
       file: [32m'module.js'[39m,
       function: [32m'tryModuleLoad'[39m,
       line: [33m446[39m,
       method: [1mnull[22m,
       native: [33mfalse[39m },
     { column: [33m3[39m,
       file: [32m'module.js'[39m,
       function: [32m'Function.Module._load'[39m,
       line: [33m438[39m,
       method: [32m'Module._load'[39m,
       native: [33mfalse[39m } ],
  stack: 
   [ [32m'Error: Cannot find module \'helper-clockmaker.js\''[39m,
     [32m'    at Function.Module._resolveFilename (module.js:469:15)'[39m,
     [32m'    at Function.Module._load (module.js:417:25)'[39m,
     [32m'    at Module.require (module.js:497:17)'[39m,
     [32m'    at require (internal/module.js:20:19)'[39m,
     [32m'    at Object.<anonymous> (/home/john/CLOCKMAKER-GIT/SentenceSimilarity/SimilarityScore.js:6:14)'[39m,
     [32m'    at Module._compile (module.js:570:32)'[39m,
     [32m'    at Object.Module._extensions..js (module.js:579:10)'[39m,
     [32m'    at Module.load (module.js:487:32)'[39m,
     [32m'    at tryModuleLoad (module.js:446:12)'[39m,
     [32m'    at Function.Module._load (module.js:438:3)'[39m ] }
[31merror[39m: [Helper] uncaughtException: Cannot find module 'helper-clockmaker.js' 
{ date: [32m'Sat Apr 29 2017 18:17:46 GMT-0600 (MDT)'[39m,
  process: 
   { pid: [33m5126[39m,
     uid: [33m1000[39m,
     gid: [33m1000[39m,
     cwd: [32m'/home/john/CLOCKMAKER-GIT/SentenceSimilarity'[39m,
     execPath: [32m'/usr/local/bin/node'[39m,
     version: [32m'v6.9.5'[39m,
     argv: 
      [ [32m'/usr/local/bin/node'[39m,
        [32m'/usr/local/bin/jasmine'[39m,
        [32m'SentenceSimilaritySpec.js'[39m ],
     memoryUsage: { rss: [33m40083456[39m, heapTotal: [33m21008384[39m, heapUsed: [33m12186816[39m } },
  os: 
   { loadavg: [ [33m0.2412109375[39m, [33m0.34619140625[39m, [33m0.39501953125[39m ],
     uptime: [33m5023270[39m },
  trace: 
   [ { column: [33m15[39m,
       file: [32m'module.js'[39m,
       function: [32m'Function.Module._resolveFilename'[39m,
       line: [33m469[39m,
       method: [32m'Module._resolveFilename'[39m,
       native: [33mfalse[39m },
     { column: [33m25[39m,
       file: [32m'module.js'[39m,
       function: [32m'Function.Module._load'[39m,
       line: [33m417[39m,
       method: [32m'Module._load'[39m,
       native: [33mfalse[39m },
     { column: [33m17[39m,
       file: [32m'module.js'[39m,
       function: [32m'Module.require'[39m,
       line: [33m497[39m,
       method: [32m'require'[39m,
       native: [33mfalse[39m },
     { column: [33m19[39m,
       file: [32m'internal/module.js'[39m,
       function: [32m'require'[39m,
       line: [33m20[39m,
       method: [1mnull[22m,
       native: [33mfalse[39m },
     { column: [33m14[39m,
       file: [32m'/home/john/CLOCKMAKER-GIT/SentenceSimilarity/SimilarityScore.js'[39m,
       function: [32m''[39m,
       line: [33m6[39m,
       method: [1mnull[22m,
       native: [33mfalse[39m },
     { column: [33m32[39m,
       file: [32m'module.js'[39m,
       function: [32m'Module._compile'[39m,
       line: [33m570[39m,
       method: [32m'_compile'[39m,
       native: [33mfalse[39m },
     { column: [33m10[39m,
       file: [32m'module.js'[39m,
       function: [32m'Object.Module._extensions..js'[39m,
       line: [33m579[39m,
       method: [32m'Module._extensions..js'[39m,
       native: [33mfalse[39m },
     { column: [33m32[39m,
       file: [32m'module.js'[39m,
       function: [32m'Module.load'[39m,
       line: [33m487[39m,
       method: [32m'load'[39m,
       native: [33mfalse[39m },
     { column: [33m12[39m,
       file: [32m'module.js'[39m,
       function: [32m'tryModuleLoad'[39m,
       line: [33m446[39m,
       method: [1mnull[22m,
       native: [33mfalse[39m },
     { column: [33m3[39m,
       file: [32m'module.js'[39m,
       function: [32m'Function.Module._load'[39m,
       line: [33m438[39m,
       method: [32m'Module._load'[39m,
       native: [33mfalse[39m } ],
  stack: 
   [ [32m'Error: Cannot find module \'helper-clockmaker.js\''[39m,
     [32m'    at Function.Module._resolveFilename (module.js:469:15)'[39m,
     [32m'    at Function.Module._load (module.js:417:25)'[39m,
     [32m'    at Module.require (module.js:497:17)'[39m,
     [32m'    at require (internal/module.js:20:19)'[39m,
     [32m'    at Object.<anonymous> (/home/john/CLOCKMAKER-GIT/SentenceSimilarity/SimilarityScore.js:6:14)'[39m,
     [32m'    at Module._compile (module.js:570:32)'[39m,
     [32m'    at Object.Module._extensions..js (module.js:579:10)'[39m,
     [32m'    at Module.load (module.js:487:32)'[39m,
     [32m'    at tryModuleLoad (module.js:446:12)'[39m,
     [32m'    at Function.Module._load (module.js:438:3)'[39m ] }
[31merror[39m: [SbEvent] uncaughtException: Cannot find module 'helper-clockmaker.js' 
{ date: [32m'Sat Apr 29 2017 18:17:46 GMT-0600 (MDT)'[39m,
  process: 
   { pid: [33m5126[39m,
     uid: [33m1000[39m,
     gid: [33m1000[39m,
     cwd: [32m'/home/john/CLOCKMAKER-GIT/SentenceSimilarity'[39m,
     execPath: [32m'/usr/local/bin/node'[39m,
     version: [32m'v6.9.5'[39m,
     argv: 
      [ [32m'/usr/local/bin/node'[39m,
        [32m'/usr/local/bin/jasmine'[39m,
        [32m'SentenceSimilaritySpec.js'[39m ],
     memoryUsage: { rss: [33m40894464[39m, heapTotal: [33m21008384[39m, heapUsed: [33m12874432[39m } },
  os: 
   { loadavg: [ [33m0.2412109375[39m, [33m0.34619140625[39m, [33m0.39501953125[39m ],
     uptime: [33m5023270[39m },
  trace: 
   [ { column: [33m15[39m,
       file: [32m'module.js'[39m,
       function: [32m'Function.Module._resolveFilename'[39m,
       line: [33m469[39m,
       method: [32m'Module._resolveFilename'[39m,
       native: [33mfalse[39m },
     { column: [33m25[39m,
       file: [32m'module.js'[39m,
       function: [32m'Function.Module._load'[39m,
       line: [33m417[39m,
       method: [32m'Module._load'[39m,
       native: [33mfalse[39m },
     { column: [33m17[39m,
       file: [32m'module.js'[39m,
       function: [32m'Module.require'[39m,
       line: [33m497[39m,
       method: [32m'require'[39m,
       native: [33mfalse[39m },
     { column: [33m19[39m,
       file: [32m'internal/module.js'[39m,
       function: [32m'require'[39m,
       line: [33m20[39m,
       method: [1mnull[22m,
       native: [33mfalse[39m },
     { column: [33m14[39m,
       file: [32m'/home/john/CLOCKMAKER-GIT/SentenceSimilarity/SimilarityScore.js'[39m,
       function: [32m''[39m,
       line: [33m6[39m,
       method: [1mnull[22m,
       native: [33mfalse[39m },
     { column: [33m32[39m,
       file: [32m'module.js'[39m,
       function: [32m'Module._compile'[39m,
       line: [33m570[39m,
       method: [32m'_compile'[39m,
       native: [33mfalse[39m },
     { column: [33m10[39m,
       file: [32m'module.js'[39m,
       function: [32m'Object.Module._extensions..js'[39m,
       line: [33m579[39m,
       method: [32m'Module._extensions..js'[39m,
       native: [33mfalse[39m },
     { column: [33m32[39m,
       file: [32m'module.js'[39m,
       function: [32m'Module.load'[39m,
       line: [33m487[39m,
       method: [32m'load'[39m,
       native: [33mfalse[39m },
     { column: [33m12[39m,
       file: [32m'module.js'[39m,
       function: [32m'tryModuleLoad'[39m,
       line: [33m446[39m,
       method: [1mnull[22m,
       native: [33mfalse[39m },
     { column: [33m3[39m,
       file: [32m'module.js'[39m,
       function: [32m'Function.Module._load'[39m,
       line: [33m438[39m,
       method: [32m'Module._load'[39m,
       native: [33mfalse[39m } ],
  stack: 
   [ [32m'Error: Cannot find module \'helper-clockmaker.js\''[39m,
     [32m'    at Function.Module._resolveFilename (module.js:469:15)'[39m,
     [32m'    at Function.Module._load (module.js:417:25)'[39m,
     [32m'    at Module.require (module.js:497:17)'[39m,
     [32m'    at require (internal/module.js:20:19)'[39m,
     [32m'    at Object.<anonymous> (/home/john/CLOCKMAKER-GIT/SentenceSimilarity/SimilarityScore.js:6:14)'[39m,
     [32m'    at Module._compile (module.js:570:32)'[39m,
     [32m'    at Object.Module._extensions..js (module.js:579:10)'[39m,
     [32m'    at Module.load (module.js:487:32)'[39m,
     [32m'    at tryModuleLoad (module.js:446:12)'[39m,
     [32m'    at Function.Module._load (module.js:438:3)'[39m ] }
[31merror[39m: [Helper] uncaughtException: Cannot find module 'helper-clockmaker.js' 
{ date: [32m'Sat Apr 29 2017 18:18:24 GMT-0600 (MDT)'[39m,
  process: 
   { pid: [33m5151[39m,
     uid: [33m1000[39m,
     gid: [33m1000[39m,
     cwd: [32m'/home/john/CLOCKMAKER-GIT/SentenceSimilarity'[39m,
     execPath: [32m'/usr/local/bin/node'[39m,
     version: [32m'v6.9.5'[39m,
     argv: 
      [ [32m'/usr/local/bin/node'[39m,
        [32m'/usr/local/bin/jasmine'[39m,
        [32m'SentenceSimilaritySpec.js'[39m ],
     memoryUsage: { rss: [33m40349696[39m, heapTotal: [33m21008384[39m, heapUsed: [33m12190384[39m } },
  os: 
   { loadavg: [ [33m0.201171875[39m, [33m0.32275390625[39m, [33m0.3837890625[39m ],
     uptime: [33m5023308[39m },
  trace: 
   [ { column: [33m15[39m,
       file: [32m'module.js'[39m,
       function: [32m'Function.Module._resolveFilename'[39m,
       line: [33m469[39m,
       method: [32m'Module._resolveFilename'[39m,
       native: [33mfalse[39m },
     { column: [33m25[39m,
       file: [32m'module.js'[39m,
       function: [32m'Function.Module._load'[39m,
       line: [33m417[39m,
       method: [32m'Module._load'[39m,
       native: [33mfalse[39m },
     { column: [33m17[39m,
       file: [32m'module.js'[39m,
       function: [32m'Module.require'[39m,
       line: [33m497[39m,
       method: [32m'require'[39m,
       native: [33mfalse[39m },
     { column: [33m19[39m,
       file: [32m'internal/module.js'[39m,
       function: [32m'require'[39m,
       line: [33m20[39m,
       method: [1mnull[22m,
       native: [33mfalse[39m },
     { column: [33m14[39m,
       file: [32m'/home/john/CLOCKMAKER-GIT/SentenceSimilarity/SimilarityScore.js'[39m,
       function: [32m''[39m,
       line: [33m6[39m,
       method: [1mnull[22m,
       native: [33mfalse[39m },
     { column: [33m32[39m,
       file: [32m'module.js'[39m,
       function: [32m'Module._compile'[39m,
       line: [33m570[39m,
       method: [32m'_compile'[39m,
       native: [33mfalse[39m },
     { column: [33m10[39m,
       file: [32m'module.js'[39m,
       function: [32m'Object.Module._extensions..js'[39m,
       line: [33m579[39m,
       method: [32m'Module._extensions..js'[39m,
       native: [33mfalse[39m },
     { column: [33m32[39m,
       file: [32m'module.js'[39m,
       function: [32m'Module.load'[39m,
       line: [33m487[39m,
       method: [32m'load'[39m,
       native: [33mfalse[39m },
     { column: [33m12[39m,
       file: [32m'module.js'[39m,
       function: [32m'tryModuleLoad'[39m,
       line: [33m446[39m,
       method: [1mnull[22m,
       native: [33mfalse[39m },
     { column: [33m3[39m,
       file: [32m'module.js'[39m,
       function: [32m'Function.Module._load'[39m,
       line: [33m438[39m,
       method: [32m'Module._load'[39m,
       native: [33mfalse[39m } ],
  stack: 
   [ [32m'Error: Cannot find module \'helper-clockmaker.js\''[39m,
     [32m'    at Function.Module._resolveFilename (module.js:469:15)'[39m,
     [32m'    at Function.Module._load (module.js:417:25)'[39m,
     [32m'    at Module.require (module.js:497:17)'[39m,
     [32m'    at require (internal/module.js:20:19)'[39m,
     [32m'    at Object.<anonymous> (/home/john/CLOCKMAKER-GIT/SentenceSimilarity/SimilarityScore.js:6:14)'[39m,
     [32m'    at Module._compile (module.js:570:32)'[39m,
     [32m'    at Object.Module._extensions..js (module.js:579:10)'[39m,
     [32m'    at Module.load (module.js:487:32)'[39m,
     [32m'    at tryModuleLoad (module.js:446:12)'[39m,
     [32m'    at Function.Module._load (module.js:438:3)'[39m ] }
[31merror[39m: [SbEvent] uncaughtException: Cannot find module 'helper-clockmaker.js' 
{ date: [32m'Sat Apr 29 2017 18:18:24 GMT-0600 (MDT)'[39m,
  process: 
   { pid: [33m5151[39m,
     uid: [33m1000[39m,
     gid: [33m1000[39m,
     cwd: [32m'/home/john/CLOCKMAKER-GIT/SentenceSimilarity'[39m,
     execPath: [32m'/usr/local/bin/node'[39m,
     version: [32m'v6.9.5'[39m,
     argv: 
      [ [32m'/usr/local/bin/node'[39m,
        [32m'/usr/local/bin/jasmine'[39m,
        [32m'SentenceSimilaritySpec.js'[39m ],
     memoryUsage: { rss: [33m43257856[39m, heapTotal: [33m21008384[39m, heapUsed: [33m12882208[39m } },
  os: 
   { loadavg: [ [33m0.201171875[39m, [33m0.32275390625[39m, [33m0.3837890625[39m ],
     uptime: [33m5023308[39m },
  trace: 
   [ { column: [33m15[39m,
       file: [32m'module.js'[39m,
       function: [32m'Function.Module._resolveFilename'[39m,
       line: [33m469[39m,
       method: [32m'Module._resolveFilename'[39m,
       native: [33mfalse[39m },
     { column: [33m25[39m,
       file: [32m'module.js'[39m,
       function: [32m'Function.Module._load'[39m,
       line: [33m417[39m,
       method: [32m'Module._load'[39m,
       native: [33mfalse[39m },
     { column: [33m17[39m,
       file: [32m'module.js'[39m,
       function: [32m'Module.require'[39m,
       line: [33m497[39m,
       method: [32m'require'[39m,
       native: [33mfalse[39m },
     { column: [33m19[39m,
       file: [32m'internal/module.js'[39m,
       function: [32m'require'[39m,
       line: [33m20[39m,
       method: [1mnull[22m,
       native: [33mfalse[39m },
     { column: [33m14[39m,
       file: [32m'/home/john/CLOCKMAKER-GIT/SentenceSimilarity/SimilarityScore.js'[39m,
       function: [32m''[39m,
       line: [33m6[39m,
       method: [1mnull[22m,
       native: [33mfalse[39m },
     { column: [33m32[39m,
       file: [32m'module.js'[39m,
       function: [32m'Module._compile'[39m,
       line: [33m570[39m,
       method: [32m'_compile'[39m,
       native: [33mfalse[39m },
     { column: [33m10[39m,
       file: [32m'module.js'[39m,
       function: [32m'Object.Module._extensions..js'[39m,
       line: [33m579[39m,
       method: [32m'Module._extensions..js'[39m,
       native: [33mfalse[39m },
     { column: [33m32[39m,
       file: [32m'module.js'[39m,
       function: [32m'Module.load'[39m,
       line: [33m487[39m,
       method: [32m'load'[39m,
       native: [33mfalse[39m },
     { column: [33m12[39m,
       file: [32m'module.js'[39m,
       function: [32m'tryModuleLoad'[39m,
       line: [33m446[39m,
       method: [1mnull[22m,
       native: [33mfalse[39m },
     { column: [33m3[39m,
       file: [32m'module.js'[39m,
       function: [32m'Function.Module._load'[39m,
       line: [33m438[39m,
       method: [32m'Module._load'[39m,
       native: [33mfalse[39m } ],
  stack: 
   [ [32m'Error: Cannot find module \'helper-clockmaker.js\''[39m,
     [32m'    at Function.Module._resolveFilename (module.js:469:15)'[39m,
     [32m'    at Function.Module._load (module.js:417:25)'[39m,
     [32m'    at Module.require (module.js:497:17)'[39m,
     [32m'    at require (internal/module.js:20:19)'[39m,
     [32m'    at Object.<anonymous> (/home/john/CLOCKMAKER-GIT/SentenceSimilarity/SimilarityScore.js:6:14)'[39m,
     [32m'    at Module._compile (module.js:570:32)'[39m,
     [32m'    at Object.Module._extensions..js (module.js:579:10)'[39m,
     [32m'    at Module.load (module.js:487:32)'[39m,
     [32m'    at tryModuleLoad (module.js:446:12)'[39m,
     [32m'    at Function.Module._load (module.js:438:3)'[39m ] }
